2022-07-15 18:06:27,947:INFO:PyCaret Supervised Module
2022-07-15 18:06:27,962:INFO:ML Usecase: regression
2022-07-15 18:06:27,979:INFO:version 2.3.3
2022-07-15 18:06:27,981:INFO:Initializing setup()
2022-07-15 18:06:27,982:INFO:setup(target=単勝配当, ml_usecase=regression, available_plots={'parameter': 'Hyperparameters', 'residuals': 'Residuals', 'error': 'Prediction Error', 'cooks': 'Cooks Distance', 'rfe': 'Feature Selection', 'learning': 'Learning Curve', 'manifold': 'Manifold Learning', 'vc': 'Validation Curve', 'feature': 'Feature Importance', 'feature_all': 'Feature Importance (All)', 'tree': 'Decision Tree', 'residuals_interactive': 'Interactive Residuals'}, train_size=0.7, test_data=None, preprocess=True, imputation_type=simple, iterative_imputation_iters=5, categorical_features=None, categorical_imputation=constant, categorical_iterative_imputer=lightgbm, ordinal_features=None, high_cardinality_features=None, high_cardinality_method=frequency, numeric_features=None, numeric_imputation=mean, numeric_iterative_imputer=lightgbm, date_features=None, ignore_features=None, normalize=False, normalize_method=zscore, transformation=False, transformation_method=yeo-johnson, handle_unknown_categorical=True, unknown_categorical_method=least_frequent, pca=False, pca_method=linear, pca_components=None, ignore_low_variance=False, combine_rare_levels=False, rare_level_threshold=0.1, bin_numeric_features=None, remove_outliers=False, outliers_threshold=0.05, remove_multicollinearity=False, multicollinearity_threshold=0.9, remove_perfect_collinearity=True, create_clusters=False, cluster_iter=20, polynomial_features=False, polynomial_degree=2, trigonometry_features=False, polynomial_threshold=0.1, group_features=None, group_names=None, feature_selection=False, feature_selection_threshold=0.8, feature_selection_method=classic, feature_interaction=False, feature_ratio=False, interaction_threshold=0.01, fix_imbalance=False, fix_imbalance_method=None, transform_target=False, transform_target_method=box-cox, data_split_shuffle=True, data_split_stratify=False, fold_strategy=kfold, fold=10, fold_shuffle=False, fold_groups=None, n_jobs=-1, use_gpu=False, custom_pipeline=None, html=True, session_id=None, log_experiment=False, experiment_name=None, log_plots=False, log_profile=False, log_data=False, silent=True, verbose=True, profile=False, profile_kwargs=None, display=None)
2022-07-15 18:06:27,988:INFO:Checking environment
2022-07-15 18:06:27,990:INFO:python_version: 3.7.3
2022-07-15 18:06:27,991:INFO:python_build: ('default', 'Mar 27 2019 17:13:21')
2022-07-15 18:06:27,992:INFO:machine: AMD64
2022-07-15 18:06:28,008:INFO:platform: Windows-10-10.0.19041-SP0
2022-07-15 18:06:28,014:INFO:Memory: svmem(total=4207972352, available=1038688256, percent=75.3, used=3169284096, free=1038688256)
2022-07-15 18:06:28,016:INFO:Physical Core: 2
2022-07-15 18:06:28,017:INFO:Logical Core: 4
2022-07-15 18:06:28,018:INFO:Checking libraries
2022-07-15 18:06:28,021:INFO:pd==1.3.5
2022-07-15 18:06:28,022:INFO:numpy==1.21.5
2022-07-15 18:06:28,023:INFO:sklearn==0.23.2
2022-07-15 18:06:28,026:INFO:lightgbm==3.2.1
2022-07-15 18:06:28,040:WARNING:catboost not found
2022-07-15 18:06:28,043:WARNING:xgboost not found
2022-07-15 18:06:29,964:INFO:mlflow==1.19.0
2022-07-15 18:06:30,022:INFO:Checking Exceptions
2022-07-15 18:06:30,023:INFO:Declaring global variables
2022-07-15 18:06:30,023:INFO:USI: 940d
2022-07-15 18:06:30,023:INFO:pycaret_globals: {'experiment__', 'display_container', 'fix_imbalance_param', '_ml_usecase', 'master_model_container', 'fold_groups_param_full', 'X_test', 'html_param', 'create_model_container', '_internal_pipeline', 'n_jobs_param', 'X', '_all_metrics', 'fold_shuffle_param', 'y', 'transform_target_method_param', 'y_train', 'stratify_param', 'iterative_imputation_iters_param', 'target_param', 'X_train', '_gpu_n_jobs_param', 'imputation_classifier', 'fix_imbalance_method_param', 'fold_groups_param', 'seed', 'fold_generator', 'imputation_regressor', 'prep_pipe', 'logging_param', '_all_models_internal', 'transform_target_param', 'data_before_preprocess', 'fold_param', '_available_plots', 'log_plots_param', 'y_test', 'USI', '_all_models', 'gpu_param', 'exp_name_log', 'pycaret_globals'}
2022-07-15 18:06:30,023:INFO:Preparing display monitor
2022-07-15 18:06:30,023:INFO:Preparing display monitor
2022-07-15 18:06:30,080:INFO:Importing libraries
2022-07-15 18:06:30,082:INFO:Copying data for preprocessing
2022-07-15 18:06:30,099:INFO:Declaring preprocessing parameters
2022-07-15 18:06:30,110:INFO:Creating preprocessing pipeline
2022-07-15 18:06:30,392:INFO:Preprocessing pipeline created successfully
2022-07-15 18:06:30,393:ERROR:(Process Exit): setup has been interupted with user command 'quit'. setup must rerun.
2022-07-15 18:06:30,395:INFO:Creating global containers
2022-07-15 18:06:30,401:INFO:Internal pipeline: Pipeline(memory=None, steps=[('empty_step', 'passthrough')], verbose=False)
2022-07-15 18:06:32,041:WARNING:Couldn't import xgboost.XGBRegressor
2022-07-15 18:06:32,041:WARNING:Couldn't import catboost.CatBoostRegressor
2022-07-15 18:06:32,242:WARNING:Couldn't import xgboost.XGBRegressor
2022-07-15 18:06:32,242:WARNING:Couldn't import catboost.CatBoostRegressor
2022-07-15 18:06:32,257:INFO:Creating grid variables
2022-07-15 18:06:32,257:INFO:create_model_container: 0
2022-07-15 18:06:32,257:INFO:master_model_container: 0
2022-07-15 18:06:32,257:INFO:display_container: 1
2022-07-15 18:06:32,273:INFO:Pipeline(memory=None,
         steps=[('dtypes',
                 DataTypes_Auto_infer(categorical_features=[],
                                      display_types=False, features_todrop=[],
                                      id_columns=[], ml_usecase='regression',
                                      numerical_features=[], target='単勝配当',
                                      time_features=[])),
                ('imputer',
                 Simple_Imputer(categorical_strategy='not_available',
                                fill_value_categorical=None,
                                fill_value_numerical=None,
                                numeric_strategy='...
                ('scaling', 'passthrough'), ('P_transform', 'passthrough'),
                ('binn', 'passthrough'), ('rem_outliers', 'passthrough'),
                ('cluster_all', 'passthrough'),
                ('dummy', Dummify(target='単勝配当')),
                ('fix_perfect', Remove_100(target='単勝配当')),
                ('clean_names', Clean_Colum_Names()),
                ('feature_select', 'passthrough'), ('fix_multi', 'passthrough'),
                ('dfs', 'passthrough'), ('pca', 'passthrough')],
         verbose=False)
2022-07-15 18:06:32,273:INFO:setup() succesfully completed......................................
2022-07-15 18:06:32,688:INFO:Initializing create_model()
2022-07-15 18:06:32,688:INFO:create_model(estimator=lightgbm, fold=None, round=4, cross_validation=True, predict=True, fit_kwargs=None, groups=None, refit=True, verbose=True, system=True, metrics=None, display=None, kwargs={})
2022-07-15 18:06:32,688:INFO:Checking exceptions
2022-07-15 18:06:32,688:INFO:Preparing display monitor
2022-07-15 18:06:32,704:INFO:Importing libraries
2022-07-15 18:06:32,704:INFO:Copying training dataset
2022-07-15 18:06:32,720:INFO:Defining folds
2022-07-15 18:06:32,720:INFO:Declaring metric variables
2022-07-15 18:06:32,735:INFO:Importing untrained model
2022-07-15 18:06:32,751:INFO:Light Gradient Boosting Machine Imported succesfully
2022-07-15 18:06:32,784:INFO:Starting cross validation
2022-07-15 18:06:32,800:INFO:Cross validating with KFold(n_splits=10, random_state=None, shuffle=False), n_jobs=-1
2022-07-15 18:06:54,400:INFO:Calculating mean and std
2022-07-15 18:06:54,403:INFO:Creating metrics dataframe
2022-07-15 18:06:54,427:INFO:Finalizing model
2022-07-15 18:06:55,342:INFO:Uploading results into container
2022-07-15 18:06:55,342:INFO:Uploading model into container now
2022-07-15 18:06:55,342:INFO:create_model_container: 1
2022-07-15 18:06:55,357:INFO:master_model_container: 1
2022-07-15 18:06:55,357:INFO:display_container: 2
2022-07-15 18:06:55,357:INFO:LGBMRegressor(boosting_type='gbdt', class_weight=None, colsample_bytree=1.0,
              importance_type='split', learning_rate=0.1, max_depth=-1,
              min_child_samples=20, min_child_weight=0.001, min_split_gain=0.0,
              n_estimators=100, n_jobs=-1, num_leaves=31, objective=None,
              random_state=2957, reg_alpha=0.0, reg_lambda=0.0, silent=True,
              subsample=1.0, subsample_for_bin=200000, subsample_freq=0)
2022-07-15 18:06:55,357:INFO:create_model() succesfully completed......................................
2022-07-15 18:13:24,418:INFO:PyCaret Supervised Module
2022-07-15 18:13:24,431:INFO:ML Usecase: regression
2022-07-15 18:13:24,435:INFO:version 2.3.3
2022-07-15 18:13:24,437:INFO:Initializing setup()
2022-07-15 18:13:24,439:INFO:setup(target=単勝配当, ml_usecase=regression, available_plots={'parameter': 'Hyperparameters', 'residuals': 'Residuals', 'error': 'Prediction Error', 'cooks': 'Cooks Distance', 'rfe': 'Feature Selection', 'learning': 'Learning Curve', 'manifold': 'Manifold Learning', 'vc': 'Validation Curve', 'feature': 'Feature Importance', 'feature_all': 'Feature Importance (All)', 'tree': 'Decision Tree', 'residuals_interactive': 'Interactive Residuals'}, train_size=0.7, test_data=None, preprocess=True, imputation_type=simple, iterative_imputation_iters=5, categorical_features=None, categorical_imputation=constant, categorical_iterative_imputer=lightgbm, ordinal_features=None, high_cardinality_features=None, high_cardinality_method=frequency, numeric_features=None, numeric_imputation=mean, numeric_iterative_imputer=lightgbm, date_features=None, ignore_features=None, normalize=False, normalize_method=zscore, transformation=False, transformation_method=yeo-johnson, handle_unknown_categorical=True, unknown_categorical_method=least_frequent, pca=False, pca_method=linear, pca_components=None, ignore_low_variance=False, combine_rare_levels=False, rare_level_threshold=0.1, bin_numeric_features=None, remove_outliers=False, outliers_threshold=0.05, remove_multicollinearity=False, multicollinearity_threshold=0.9, remove_perfect_collinearity=True, create_clusters=False, cluster_iter=20, polynomial_features=False, polynomial_degree=2, trigonometry_features=False, polynomial_threshold=0.1, group_features=None, group_names=None, feature_selection=False, feature_selection_threshold=0.8, feature_selection_method=classic, feature_interaction=False, feature_ratio=False, interaction_threshold=0.01, fix_imbalance=False, fix_imbalance_method=None, transform_target=False, transform_target_method=box-cox, data_split_shuffle=True, data_split_stratify=False, fold_strategy=kfold, fold=10, fold_shuffle=False, fold_groups=None, n_jobs=-1, use_gpu=False, custom_pipeline=None, html=True, session_id=None, log_experiment=False, experiment_name=None, log_plots=False, log_profile=False, log_data=False, silent=True, verbose=True, profile=False, profile_kwargs=None, display=None)
2022-07-15 18:13:24,444:INFO:Checking environment
2022-07-15 18:13:24,451:INFO:python_version: 3.7.3
2022-07-15 18:13:24,455:INFO:python_build: ('default', 'Mar 27 2019 17:13:21')
2022-07-15 18:13:24,461:INFO:machine: AMD64
2022-07-15 18:13:24,465:INFO:platform: Windows-10-10.0.19041-SP0
2022-07-15 18:13:24,477:INFO:Memory: svmem(total=4207972352, available=955883520, percent=77.3, used=3252088832, free=955883520)
2022-07-15 18:13:24,478:INFO:Physical Core: 2
2022-07-15 18:13:24,482:INFO:Logical Core: 4
2022-07-15 18:13:24,483:INFO:Checking libraries
2022-07-15 18:13:24,484:INFO:pd==1.3.5
2022-07-15 18:13:24,487:INFO:numpy==1.21.5
2022-07-15 18:13:24,488:INFO:sklearn==0.23.2
2022-07-15 18:13:24,491:INFO:lightgbm==3.2.1
2022-07-15 18:13:24,538:WARNING:catboost not found
2022-07-15 18:13:24,542:WARNING:xgboost not found
2022-07-15 18:13:24,543:INFO:mlflow==1.19.0
2022-07-15 18:13:24,544:INFO:Checking Exceptions
2022-07-15 18:13:24,550:INFO:Declaring global variables
2022-07-15 18:13:24,553:INFO:USI: 7c30
2022-07-15 18:13:24,554:INFO:pycaret_globals: {'experiment__', 'display_container', 'fix_imbalance_param', '_ml_usecase', 'master_model_container', 'fold_groups_param_full', 'X_test', 'html_param', 'create_model_container', '_internal_pipeline', 'n_jobs_param', 'X', '_all_metrics', 'fold_shuffle_param', 'y', 'transform_target_method_param', 'y_train', 'stratify_param', 'iterative_imputation_iters_param', 'target_param', 'X_train', '_gpu_n_jobs_param', 'imputation_classifier', 'fix_imbalance_method_param', 'fold_groups_param', 'seed', 'fold_generator', 'imputation_regressor', 'prep_pipe', 'logging_param', '_all_models_internal', 'transform_target_param', 'data_before_preprocess', 'fold_param', '_available_plots', 'log_plots_param', 'y_test', 'USI', '_all_models', 'gpu_param', 'exp_name_log', 'pycaret_globals'}
2022-07-15 18:13:24,556:INFO:Preparing display monitor
2022-07-15 18:13:24,563:INFO:Preparing display monitor
2022-07-15 18:13:24,637:INFO:Importing libraries
2022-07-15 18:13:24,639:INFO:Copying data for preprocessing
2022-07-15 18:13:24,663:INFO:Declaring preprocessing parameters
2022-07-15 18:13:24,663:INFO:Creating preprocessing pipeline
2022-07-15 18:13:24,971:INFO:Preprocessing pipeline created successfully
2022-07-15 18:13:24,986:ERROR:(Process Exit): setup has been interupted with user command 'quit'. setup must rerun.
2022-07-15 18:13:24,986:INFO:Creating global containers
2022-07-15 18:13:25,015:INFO:Internal pipeline: Pipeline(memory=None, steps=[('empty_step', 'passthrough')], verbose=False)
2022-07-15 18:13:26,775:WARNING:Couldn't import xgboost.XGBRegressor
2022-07-15 18:13:26,791:WARNING:Couldn't import catboost.CatBoostRegressor
2022-07-15 18:13:27,016:WARNING:Couldn't import xgboost.XGBRegressor
2022-07-15 18:13:27,019:WARNING:Couldn't import catboost.CatBoostRegressor
2022-07-15 18:13:27,023:INFO:Creating grid variables
2022-07-15 18:13:27,036:INFO:create_model_container: 0
2022-07-15 18:13:27,037:INFO:master_model_container: 0
2022-07-15 18:13:27,038:INFO:display_container: 1
2022-07-15 18:13:27,047:INFO:Pipeline(memory=None,
         steps=[('dtypes',
                 DataTypes_Auto_infer(categorical_features=[],
                                      display_types=False, features_todrop=[],
                                      id_columns=[], ml_usecase='regression',
                                      numerical_features=[], target='単勝配当',
                                      time_features=[])),
                ('imputer',
                 Simple_Imputer(categorical_strategy='not_available',
                                fill_value_categorical=None,
                                fill_value_numerical=None,
                                numeric_strategy='...
                ('scaling', 'passthrough'), ('P_transform', 'passthrough'),
                ('binn', 'passthrough'), ('rem_outliers', 'passthrough'),
                ('cluster_all', 'passthrough'),
                ('dummy', Dummify(target='単勝配当')),
                ('fix_perfect', Remove_100(target='単勝配当')),
                ('clean_names', Clean_Colum_Names()),
                ('feature_select', 'passthrough'), ('fix_multi', 'passthrough'),
                ('dfs', 'passthrough'), ('pca', 'passthrough')],
         verbose=False)
2022-07-15 18:13:27,049:INFO:setup() succesfully completed......................................
2022-07-15 18:13:27,825:INFO:Initializing create_model()
2022-07-15 18:13:27,826:INFO:create_model(estimator=lightgbm, fold=None, round=4, cross_validation=True, predict=True, fit_kwargs=None, groups=None, refit=True, verbose=True, system=True, metrics=None, display=None, kwargs={})
2022-07-15 18:13:27,827:INFO:Checking exceptions
2022-07-15 18:13:27,829:INFO:Preparing display monitor
2022-07-15 18:13:27,859:INFO:Importing libraries
2022-07-15 18:13:27,860:INFO:Copying training dataset
2022-07-15 18:13:27,862:INFO:Defining folds
2022-07-15 18:13:27,863:INFO:Declaring metric variables
2022-07-15 18:13:27,868:INFO:Importing untrained model
2022-07-15 18:13:27,883:INFO:Light Gradient Boosting Machine Imported succesfully
2022-07-15 18:13:27,930:INFO:Starting cross validation
2022-07-15 18:13:27,930:INFO:Cross validating with KFold(n_splits=10, random_state=None, shuffle=False), n_jobs=-1
2022-07-15 18:13:49,504:INFO:Calculating mean and std
2022-07-15 18:13:49,504:INFO:Creating metrics dataframe
2022-07-15 18:13:49,536:INFO:Finalizing model
2022-07-15 18:13:50,457:INFO:Uploading results into container
2022-07-15 18:13:50,457:INFO:Uploading model into container now
2022-07-15 18:13:50,457:INFO:create_model_container: 1
2022-07-15 18:13:50,457:INFO:master_model_container: 1
2022-07-15 18:13:50,473:INFO:display_container: 2
2022-07-15 18:13:50,473:INFO:LGBMRegressor(boosting_type='gbdt', class_weight=None, colsample_bytree=1.0,
              importance_type='split', learning_rate=0.1, max_depth=-1,
              min_child_samples=20, min_child_weight=0.001, min_split_gain=0.0,
              n_estimators=100, n_jobs=-1, num_leaves=31, objective=None,
              random_state=1223, reg_alpha=0.0, reg_lambda=0.0, silent=True,
              subsample=1.0, subsample_for_bin=200000, subsample_freq=0)
2022-07-15 18:13:50,473:INFO:create_model() succesfully completed......................................
2022-07-15 18:13:50,611:INFO:Initializing tune_model()
2022-07-15 18:13:50,611:INFO:tune_model(estimator=LGBMRegressor(boosting_type='gbdt', class_weight=None, colsample_bytree=1.0,
              importance_type='split', learning_rate=0.1, max_depth=-1,
              min_child_samples=20, min_child_weight=0.001, min_split_gain=0.0,
              n_estimators=100, n_jobs=-1, num_leaves=31, objective=None,
              random_state=1223, reg_alpha=0.0, reg_lambda=0.0, silent=True,
              subsample=1.0, subsample_for_bin=200000, subsample_freq=0), fold=None, round=4, n_iter=100, custom_grid=None, optimize=RMSE, custom_scorer=None, search_library=scikit-learn, search_algorithm=None, early_stopping=False, early_stopping_max_iters=10, choose_better=False, fit_kwargs=None, groups=None, return_tuner=False, verbose=True, tuner_verbose=True, display=None, kwargs={})
2022-07-15 18:13:50,613:INFO:Checking exceptions
2022-07-15 18:13:50,614:INFO:Preparing display monitor
2022-07-15 18:13:50,639:INFO:Copying training dataset
2022-07-15 18:13:50,642:INFO:Checking base model
2022-07-15 18:13:50,643:INFO:Base model : Light Gradient Boosting Machine
2022-07-15 18:13:50,659:INFO:Declaring metric variables
2022-07-15 18:13:50,675:INFO:Defining Hyperparameters
2022-07-15 18:13:50,753:INFO:Tuning with n_jobs=-1
2022-07-15 18:13:50,769:INFO:Initializing RandomizedSearchCV
2022-07-15 18:35:28,393:INFO:best_params: {'actual_estimator__reg_lambda': 0.0005, 'actual_estimator__reg_alpha': 0.3, 'actual_estimator__num_leaves': 6, 'actual_estimator__n_estimators': 140, 'actual_estimator__min_split_gain': 0.2, 'actual_estimator__min_child_samples': 76, 'actual_estimator__learning_rate': 0.005, 'actual_estimator__feature_fraction': 0.7, 'actual_estimator__bagging_freq': 1, 'actual_estimator__bagging_fraction': 0.9}
2022-07-15 18:35:28,440:INFO:Hyperparameter search completed
2022-07-15 18:35:28,440:INFO:SubProcess create_model() called ==================================
2022-07-15 18:35:28,471:INFO:Initializing create_model()
2022-07-15 18:35:28,471:INFO:create_model(estimator=LGBMRegressor(boosting_type='gbdt', class_weight=None, colsample_bytree=1.0,
              importance_type='split', learning_rate=0.1, max_depth=-1,
              min_child_samples=20, min_child_weight=0.001, min_split_gain=0.0,
              n_estimators=100, n_jobs=-1, num_leaves=31, objective=None,
              random_state=1223, reg_alpha=0.0, reg_lambda=0.0, silent=True,
              subsample=1.0, subsample_for_bin=200000, subsample_freq=0), fold=KFold(n_splits=10, random_state=None, shuffle=False), round=4, cross_validation=True, predict=True, fit_kwargs={}, groups=None, refit=True, verbose=True, system=False, metrics=None, display=<pycaret.internal.Display.Display object at 0x00000266D9A2AE80>, kwargs={'reg_lambda': 0.0005, 'reg_alpha': 0.3, 'num_leaves': 6, 'n_estimators': 140, 'min_split_gain': 0.2, 'min_child_samples': 76, 'learning_rate': 0.005, 'feature_fraction': 0.7, 'bagging_freq': 1, 'bagging_fraction': 0.9})
2022-07-15 18:35:28,471:INFO:Checking exceptions
2022-07-15 18:35:28,490:INFO:Importing libraries
2022-07-15 18:35:28,494:INFO:Copying training dataset
2022-07-15 18:35:28,545:INFO:Defining folds
2022-07-15 18:35:28,545:INFO:Declaring metric variables
2022-07-15 18:35:28,670:INFO:Importing untrained model
2022-07-15 18:35:28,670:INFO:Declaring custom model
2022-07-15 18:35:28,729:INFO:Light Gradient Boosting Machine Imported succesfully
2022-07-15 18:35:28,792:INFO:Starting cross validation
2022-07-15 18:35:28,792:INFO:Cross validating with KFold(n_splits=10, random_state=None, shuffle=False), n_jobs=-1
2022-07-15 18:35:33,166:INFO:Calculating mean and std
2022-07-15 18:35:33,166:INFO:Creating metrics dataframe
2022-07-15 18:35:33,213:INFO:Finalizing model
2022-07-15 18:35:33,951:INFO:Uploading results into container
2022-07-15 18:35:33,951:INFO:Uploading model into container now
2022-07-15 18:35:33,951:INFO:create_model_container: 2
2022-07-15 18:35:33,951:INFO:master_model_container: 2
2022-07-15 18:35:33,951:INFO:display_container: 3
2022-07-15 18:35:33,951:INFO:LGBMRegressor(bagging_fraction=0.9, bagging_freq=1, boosting_type='gbdt',
              class_weight=None, colsample_bytree=1.0, feature_fraction=0.7,
              importance_type='split', learning_rate=0.005, max_depth=-1,
              min_child_samples=76, min_child_weight=0.001, min_split_gain=0.2,
              n_estimators=140, n_jobs=-1, num_leaves=6, objective=None,
              random_state=1223, reg_alpha=0.3, reg_lambda=0.0005, silent=True,
              subsample=1.0, subsample_for_bin=200000, subsample_freq=0)
2022-07-15 18:35:33,951:INFO:create_model() succesfully completed......................................
2022-07-15 18:35:34,752:INFO:SubProcess create_model() end ==================================
2022-07-15 18:35:34,752:INFO:create_model_container: 2
2022-07-15 18:35:34,752:INFO:master_model_container: 2
2022-07-15 18:35:34,752:INFO:display_container: 3
2022-07-15 18:35:34,767:INFO:LGBMRegressor(bagging_fraction=0.9, bagging_freq=1, boosting_type='gbdt',
              class_weight=None, colsample_bytree=1.0, feature_fraction=0.7,
              importance_type='split', learning_rate=0.005, max_depth=-1,
              min_child_samples=76, min_child_weight=0.001, min_split_gain=0.2,
              n_estimators=140, n_jobs=-1, num_leaves=6, objective=None,
              random_state=1223, reg_alpha=0.3, reg_lambda=0.0005, silent=True,
              subsample=1.0, subsample_for_bin=200000, subsample_freq=0)
2022-07-15 18:35:34,767:INFO:tune_model() succesfully completed......................................
2022-07-15 18:35:34,887:INFO:Initializing plot_model()
2022-07-15 18:35:34,888:INFO:plot_model(plot=residuals, fold=None, use_train_data=False, verbose=True, is_in_evaluate=False, display=None, display_format=None, estimator=LGBMRegressor(bagging_fraction=0.9, bagging_freq=1, boosting_type='gbdt',
              class_weight=None, colsample_bytree=1.0, feature_fraction=0.7,
              importance_type='split', learning_rate=0.005, max_depth=-1,
              min_child_samples=76, min_child_weight=0.001, min_split_gain=0.2,
              n_estimators=140, n_jobs=-1, num_leaves=6, objective=None,
              random_state=1223, reg_alpha=0.3, reg_lambda=0.0005, silent=True,
              subsample=1.0, subsample_for_bin=200000, subsample_freq=0), feature_name=None, fit_kwargs=None, groups=None, label=False, save=True, scale=1, system=True)
2022-07-15 18:35:34,890:INFO:Checking exceptions
2022-07-15 18:35:34,892:INFO:Preparing display monitor
2022-07-15 18:35:34,906:INFO:Preloading libraries
2022-07-15 18:35:34,926:INFO:Copying training dataset
2022-07-15 18:35:34,929:INFO:Copying test dataset
2022-07-15 18:35:35,015:INFO:Plot type: residuals
2022-07-15 18:35:35,428:INFO:Fitting Model
2022-07-15 18:35:35,914:INFO:Scoring test/hold-out set
2022-07-15 18:35:36,138:INFO:Saving 'Residuals.png' in current active directory
2022-07-15 18:35:38,171:INFO:Visual Rendered Successfully
2022-07-15 18:35:38,340:INFO:plot_model() succesfully completed......................................
2022-07-15 19:09:57,733:INFO:PyCaret Supervised Module
2022-07-15 19:09:57,778:INFO:ML Usecase: regression
2022-07-15 19:09:57,780:INFO:version 2.3.3
2022-07-15 19:09:57,781:INFO:Initializing setup()
2022-07-15 19:09:57,783:INFO:setup(target=単勝配当, ml_usecase=regression, available_plots={'parameter': 'Hyperparameters', 'residuals': 'Residuals', 'error': 'Prediction Error', 'cooks': 'Cooks Distance', 'rfe': 'Feature Selection', 'learning': 'Learning Curve', 'manifold': 'Manifold Learning', 'vc': 'Validation Curve', 'feature': 'Feature Importance', 'feature_all': 'Feature Importance (All)', 'tree': 'Decision Tree', 'residuals_interactive': 'Interactive Residuals'}, train_size=0.7, test_data=None, preprocess=True, imputation_type=simple, iterative_imputation_iters=5, categorical_features=None, categorical_imputation=constant, categorical_iterative_imputer=lightgbm, ordinal_features=None, high_cardinality_features=None, high_cardinality_method=frequency, numeric_features=None, numeric_imputation=mean, numeric_iterative_imputer=lightgbm, date_features=None, ignore_features=None, normalize=False, normalize_method=zscore, transformation=False, transformation_method=yeo-johnson, handle_unknown_categorical=True, unknown_categorical_method=least_frequent, pca=False, pca_method=linear, pca_components=None, ignore_low_variance=False, combine_rare_levels=False, rare_level_threshold=0.1, bin_numeric_features=None, remove_outliers=False, outliers_threshold=0.05, remove_multicollinearity=False, multicollinearity_threshold=0.9, remove_perfect_collinearity=True, create_clusters=False, cluster_iter=20, polynomial_features=False, polynomial_degree=2, trigonometry_features=False, polynomial_threshold=0.1, group_features=None, group_names=None, feature_selection=False, feature_selection_threshold=0.8, feature_selection_method=classic, feature_interaction=False, feature_ratio=False, interaction_threshold=0.01, fix_imbalance=False, fix_imbalance_method=None, transform_target=False, transform_target_method=box-cox, data_split_shuffle=True, data_split_stratify=False, fold_strategy=kfold, fold=10, fold_shuffle=False, fold_groups=None, n_jobs=-1, use_gpu=False, custom_pipeline=None, html=True, session_id=None, log_experiment=False, experiment_name=None, log_plots=False, log_profile=False, log_data=False, silent=True, verbose=True, profile=False, profile_kwargs=None, display=None)
2022-07-15 19:09:57,786:INFO:Checking environment
2022-07-15 19:09:57,788:INFO:python_version: 3.7.3
2022-07-15 19:09:57,791:INFO:python_build: ('default', 'Mar 27 2019 17:13:21')
2022-07-15 19:09:57,794:INFO:machine: AMD64
2022-07-15 19:09:57,796:INFO:platform: Windows-10-10.0.19041-SP0
2022-07-15 19:09:57,808:INFO:Memory: svmem(total=4207972352, available=891363328, percent=78.8, used=3316609024, free=891363328)
2022-07-15 19:09:57,810:INFO:Physical Core: 2
2022-07-15 19:09:57,812:INFO:Logical Core: 4
2022-07-15 19:09:57,813:INFO:Checking libraries
2022-07-15 19:09:57,814:INFO:pd==1.3.5
2022-07-15 19:09:57,815:INFO:numpy==1.21.5
2022-07-15 19:09:57,817:INFO:sklearn==0.23.2
2022-07-15 19:09:57,820:INFO:lightgbm==3.2.1
2022-07-15 19:09:57,873:WARNING:catboost not found
2022-07-15 19:09:57,877:WARNING:xgboost not found
2022-07-15 19:09:57,879:INFO:mlflow==1.19.0
2022-07-15 19:09:57,880:INFO:Checking Exceptions
2022-07-15 19:09:57,887:INFO:Declaring global variables
2022-07-15 19:09:57,891:INFO:USI: 932f
2022-07-15 19:09:57,893:INFO:pycaret_globals: {'experiment__', 'display_container', 'fix_imbalance_param', '_ml_usecase', 'master_model_container', 'fold_groups_param_full', 'X_test', 'html_param', 'create_model_container', '_internal_pipeline', 'n_jobs_param', 'X', '_all_metrics', 'fold_shuffle_param', 'y', 'transform_target_method_param', 'y_train', 'stratify_param', 'iterative_imputation_iters_param', 'target_param', 'X_train', '_gpu_n_jobs_param', 'imputation_classifier', 'fix_imbalance_method_param', 'fold_groups_param', 'seed', 'fold_generator', 'imputation_regressor', 'prep_pipe', 'logging_param', '_all_models_internal', 'transform_target_param', 'data_before_preprocess', 'fold_param', '_available_plots', 'log_plots_param', 'y_test', 'USI', '_all_models', 'gpu_param', 'exp_name_log', 'pycaret_globals'}
2022-07-15 19:09:57,895:INFO:Preparing display monitor
2022-07-15 19:09:57,910:INFO:Preparing display monitor
2022-07-15 19:09:58,006:INFO:Importing libraries
2022-07-15 19:09:58,008:INFO:Copying data for preprocessing
2022-07-15 19:09:58,036:INFO:Declaring preprocessing parameters
2022-07-15 19:09:58,054:INFO:Creating preprocessing pipeline
2022-07-15 19:09:58,294:INFO:Preprocessing pipeline created successfully
2022-07-15 19:09:58,295:ERROR:(Process Exit): setup has been interupted with user command 'quit'. setup must rerun.
2022-07-15 19:09:58,296:INFO:Creating global containers
2022-07-15 19:09:58,352:INFO:Internal pipeline: Pipeline(memory=None, steps=[('empty_step', 'passthrough')], verbose=False)
2022-07-15 19:09:59,783:WARNING:Couldn't import xgboost.XGBRegressor
2022-07-15 19:09:59,787:WARNING:Couldn't import catboost.CatBoostRegressor
2022-07-15 19:09:59,969:WARNING:Couldn't import xgboost.XGBRegressor
2022-07-15 19:09:59,972:WARNING:Couldn't import catboost.CatBoostRegressor
2022-07-15 19:09:59,976:INFO:Creating grid variables
2022-07-15 19:09:59,988:INFO:create_model_container: 0
2022-07-15 19:09:59,989:INFO:master_model_container: 0
2022-07-15 19:09:59,990:INFO:display_container: 1
2022-07-15 19:10:00,001:INFO:Pipeline(memory=None,
         steps=[('dtypes',
                 DataTypes_Auto_infer(categorical_features=[],
                                      display_types=False, features_todrop=[],
                                      id_columns=[], ml_usecase='regression',
                                      numerical_features=[], target='単勝配当',
                                      time_features=[])),
                ('imputer',
                 Simple_Imputer(categorical_strategy='not_available',
                                fill_value_categorical=None,
                                fill_value_numerical=None,
                                numeric_strategy='...
                ('scaling', 'passthrough'), ('P_transform', 'passthrough'),
                ('binn', 'passthrough'), ('rem_outliers', 'passthrough'),
                ('cluster_all', 'passthrough'),
                ('dummy', Dummify(target='単勝配当')),
                ('fix_perfect', Remove_100(target='単勝配当')),
                ('clean_names', Clean_Colum_Names()),
                ('feature_select', 'passthrough'), ('fix_multi', 'passthrough'),
                ('dfs', 'passthrough'), ('pca', 'passthrough')],
         verbose=False)
2022-07-15 19:10:00,002:INFO:setup() succesfully completed......................................
2022-07-15 19:10:01,001:INFO:Initializing create_model()
2022-07-15 19:10:01,002:INFO:create_model(estimator=lightgbm, fold=None, round=4, cross_validation=True, predict=True, fit_kwargs=None, groups=None, refit=True, verbose=True, system=True, metrics=None, display=None, kwargs={})
2022-07-15 19:10:01,003:INFO:Checking exceptions
2022-07-15 19:10:01,004:INFO:Preparing display monitor
2022-07-15 19:10:01,023:INFO:Importing libraries
2022-07-15 19:10:01,025:INFO:Copying training dataset
2022-07-15 19:10:01,028:INFO:Defining folds
2022-07-15 19:10:01,029:INFO:Declaring metric variables
2022-07-15 19:10:01,043:INFO:Importing untrained model
2022-07-15 19:10:01,061:INFO:Light Gradient Boosting Machine Imported succesfully
2022-07-15 19:10:01,088:INFO:Starting cross validation
2022-07-15 19:10:01,090:INFO:Cross validating with KFold(n_splits=10, random_state=None, shuffle=False), n_jobs=-1
2022-07-15 19:10:21,370:INFO:Calculating mean and std
2022-07-15 19:10:21,373:INFO:Creating metrics dataframe
2022-07-15 19:10:21,408:INFO:Finalizing model
2022-07-15 19:10:22,315:INFO:Uploading results into container
2022-07-15 19:10:22,316:INFO:Uploading model into container now
2022-07-15 19:10:22,317:INFO:create_model_container: 1
2022-07-15 19:10:22,318:INFO:master_model_container: 1
2022-07-15 19:10:22,319:INFO:display_container: 2
2022-07-15 19:10:22,321:INFO:LGBMRegressor(boosting_type='gbdt', class_weight=None, colsample_bytree=1.0,
              importance_type='split', learning_rate=0.1, max_depth=-1,
              min_child_samples=20, min_child_weight=0.001, min_split_gain=0.0,
              n_estimators=100, n_jobs=-1, num_leaves=31, objective=None,
              random_state=8411, reg_alpha=0.0, reg_lambda=0.0, silent=True,
              subsample=1.0, subsample_for_bin=200000, subsample_freq=0)
2022-07-15 19:10:22,322:INFO:create_model() succesfully completed......................................
2022-07-15 19:10:22,450:INFO:Initializing tune_model()
2022-07-15 19:10:22,451:INFO:tune_model(estimator=LGBMRegressor(boosting_type='gbdt', class_weight=None, colsample_bytree=1.0,
              importance_type='split', learning_rate=0.1, max_depth=-1,
              min_child_samples=20, min_child_weight=0.001, min_split_gain=0.0,
              n_estimators=100, n_jobs=-1, num_leaves=31, objective=None,
              random_state=8411, reg_alpha=0.0, reg_lambda=0.0, silent=True,
              subsample=1.0, subsample_for_bin=200000, subsample_freq=0), fold=None, round=4, n_iter=100, custom_grid=None, optimize=R2, custom_scorer=None, search_library=scikit-learn, search_algorithm=None, early_stopping=False, early_stopping_max_iters=10, choose_better=False, fit_kwargs=None, groups=None, return_tuner=False, verbose=True, tuner_verbose=True, display=None, kwargs={})
2022-07-15 19:10:22,452:INFO:Checking exceptions
2022-07-15 19:10:22,452:INFO:Preparing display monitor
2022-07-15 19:10:22,475:INFO:Copying training dataset
2022-07-15 19:10:22,477:INFO:Checking base model
2022-07-15 19:10:22,478:INFO:Base model : Light Gradient Boosting Machine
2022-07-15 19:10:22,496:INFO:Declaring metric variables
2022-07-15 19:10:22,512:INFO:Defining Hyperparameters
2022-07-15 19:10:22,598:INFO:Tuning with n_jobs=-1
2022-07-15 19:10:22,599:INFO:Initializing RandomizedSearchCV
